#! /usr/bin/vvp
:ivl_version "11.0 (stable)";
:ivl_delay_selection "TYPICAL";
:vpi_time_precision - 11;
:vpi_module "/usr/lib/x86_64-linux-gnu/ivl/system.vpi";
:vpi_module "/usr/lib/x86_64-linux-gnu/ivl/vhdl_sys.vpi";
:vpi_module "/usr/lib/x86_64-linux-gnu/ivl/vhdl_textio.vpi";
:vpi_module "/usr/lib/x86_64-linux-gnu/ivl/v2005_math.vpi";
:vpi_module "/usr/lib/x86_64-linux-gnu/ivl/va_math.vpi";
:vpi_module "/usr/lib/x86_64-linux-gnu/ivl/v2009.vpi";
S_0x557449079d80 .scope package, "$unit" "$unit" 2 1;
 .timescale 0 0;
S_0x5574490898e0 .scope module, "nand_gate_tb" "nand_gate_tb" 3 3;
 .timescale -9 -11;
P_0x557449089a70 .param/l "period" 1 3 5, +C4<00000000000000000000000000010100>;
v0x55744909fbc0_0 .net "and_result", 0 0, L_0x557449077ca0;  1 drivers
v0x55744909fc90_0 .var "input_1", 0 0;
v0x55744909fd60_0 .var "input_2", 0 0;
S_0x557449089b10 .scope module, "UUT" "nand_gate" 3 6, 4 1 0, S_0x5574490898e0;
 .timescale 0 0;
    .port_info 0 /INPUT 1 "input_1";
    .port_info 1 /INPUT 1 "input_2";
    .port_info 2 /OUTPUT 1 "and_result";
L_0x557449077c30 .functor NAND 1, v0x55744909fc90_0, v0x55744909fd60_0, C4<1>, C4<1>;
L_0x557449077ca0 .functor BUFZ 1, L_0x557449077c30, C4<0>, C4<0>, C4<0>;
v0x557449079f10_0 .net "and_result", 0 0, L_0x557449077ca0;  alias, 1 drivers
v0x55744909f8f0_0 .net "and_temp", 0 0, L_0x557449077c30;  1 drivers
v0x55744909f9b0_0 .net "input_1", 0 0, v0x55744909fc90_0;  1 drivers
v0x55744909fa80_0 .net "input_2", 0 0, v0x55744909fd60_0;  1 drivers
    .scope S_0x5574490898e0;
T_0 ;
    %pushi/vec4 0, 0, 1;
    %store/vec4 v0x55744909fc90_0, 0, 1;
    %pushi/vec4 0, 0, 1;
    %store/vec4 v0x55744909fd60_0, 0, 1;
    %delay 2000, 0;
    %load/vec4 v0x55744909fbc0_0;
    %pad/u 32;
    %cmpi/e 1, 0, 32;
    %jmp/0xz  T_0.0, 4;
    %jmp T_0.1;
T_0.0 ;
    %vpi_call/w 3 15 "$display", "output should be 1 when both inputs are off" {0 0 0};
    %vpi_call/w 3 16 "$fatal", 32'sb00000000000000000000000000000001 {0 0 0};
T_0.1 ;
    %pushi/vec4 0, 0, 1;
    %store/vec4 v0x55744909fc90_0, 0, 1;
    %pushi/vec4 1, 0, 1;
    %store/vec4 v0x55744909fd60_0, 0, 1;
    %delay 2000, 0;
    %load/vec4 v0x55744909fbc0_0;
    %pad/u 32;
    %cmpi/e 1, 0, 32;
    %jmp/0xz  T_0.2, 4;
    %jmp T_0.3;
T_0.2 ;
    %vpi_call/w 3 24 "$display", "output should be 1 when input_1 is off and input_2 is on" {0 0 0};
    %vpi_call/w 3 25 "$fatal", 32'sb00000000000000000000000000000001 {0 0 0};
T_0.3 ;
    %pushi/vec4 1, 0, 1;
    %store/vec4 v0x55744909fc90_0, 0, 1;
    %pushi/vec4 0, 0, 1;
    %store/vec4 v0x55744909fd60_0, 0, 1;
    %delay 2000, 0;
    %load/vec4 v0x55744909fbc0_0;
    %pad/u 32;
    %cmpi/e 1, 0, 32;
    %jmp/0xz  T_0.4, 4;
    %jmp T_0.5;
T_0.4 ;
    %vpi_call/w 3 33 "$display", "output should be 1 when input_1 is on and input_2 is off" {0 0 0};
    %vpi_call/w 3 34 "$fatal", 32'sb00000000000000000000000000000001 {0 0 0};
T_0.5 ;
    %pushi/vec4 1, 0, 1;
    %store/vec4 v0x55744909fc90_0, 0, 1;
    %pushi/vec4 1, 0, 1;
    %store/vec4 v0x55744909fd60_0, 0, 1;
    %delay 2000, 0;
    %load/vec4 v0x55744909fbc0_0;
    %pad/u 32;
    %cmpi/e 0, 0, 32;
    %jmp/0xz  T_0.6, 4;
    %jmp T_0.7;
T_0.6 ;
    %vpi_call/w 3 42 "$display", "output should be off when both inputs are on" {0 0 0};
    %vpi_call/w 3 43 "$fatal", 32'sb00000000000000000000000000000001 {0 0 0};
T_0.7 ;
    %end;
    .thread T_0;
# The file index is used to find the file name in the following table.
:file_names 5;
    "N/A";
    "<interactive>";
    "-";
    "./nand_gate_tb.v";
    "./nand_gate.v";
